{
  "status": "failed",
  "error": "AssertionError: expected 0 to be greater than 0",
  "result": {
    "directDamage": 3827,
    "anomalyDamage": 0,
    "disorderDamage": 0,
    "specialAnomalyDamage": 0,
    "totalDamage": 3827,
    "triggerExpectation": 0
  },
  "stack": "AssertionError: expected 0 to be greater than 0\n    at E:\\github\\updown\\web\\optimizer\\src\\services\\__tests__\\battle.service.test.ts:54:43\n    at processTicksAndRejections (node:internal/process/task_queues:105:5)\n    at file:///E:/github/updown/web/optimizer/node_modules/@vitest/runner/dist/index.js:533:5\n    at runTest (file:///E:/github/updown/web/optimizer/node_modules/@vitest/runner/dist/index.js:1056:11)\n    at runSuite (file:///E:/github/updown/web/optimizer/node_modules/@vitest/runner/dist/index.js:1205:15)\n    at runSuite (file:///E:/github/updown/web/optimizer/node_modules/@vitest/runner/dist/index.js:1205:15)\n    at runSuite (file:///E:/github/updown/web/optimizer/node_modules/@vitest/runner/dist/index.js:1205:15)\n    at runFiles (file:///E:/github/updown/web/optimizer/node_modules/@vitest/runner/dist/index.js:1262:5)\n    at startTests (file:///E:/github/updown/web/optimizer/node_modules/@vitest/runner/dist/index.js:1271:3)\n    at file:///E:/github/updown/web/optimizer/node_modules/vitest/dist/chunks/runBaseTests.3qpJUEJM.js:126:11"
}